<?xml version="1.0" encoding="UTF-8"?>
<testng-results ignored="0" total="1" passed="1" failed="0" skipped="0">
  <reporter-output>
  </reporter-output>
  <suite started-at="2020-08-11T11:47:45 IST" name="Default suite" finished-at="2020-08-11T11:47:45 IST" duration-ms="166">
    <groups>
    </groups>
    <test started-at="2020-08-11T11:47:45 IST" name="Default test" finished-at="2020-08-11T11:47:45 IST" duration-ms="166">
      <class name="testng.TestNGClass">
        <test-method signature="test()[pri:0, instance:testng.TestNGClass@56a6d5a6]" started-at="2020-08-11T11:47:45 IST" name="test" finished-at="2020-08-11T11:47:45 IST" duration-ms="24" status="PASS">
          <reporter-output>
          </reporter-output>
        </test-method> <!-- test -->
      </class> <!-- testng.TestNGClass -->
    </test> <!-- Default test -->
  </suite> <!-- Default suite -->
</testng-results>
