<?xml version="1.0" encoding="UTF-8"?>
<testng-results ignored="0" total="1" passed="1" failed="0" skipped="0">
  <reporter-output>
  </reporter-output>
  <suite started-at="2020-08-10T19:19:45 IST" name="Default suite" finished-at="2020-08-10T19:19:45 IST" duration-ms="36">
    <groups>
    </groups>
    <test started-at="2020-08-10T19:19:45 IST" name="Default test" finished-at="2020-08-10T19:19:45 IST" duration-ms="36">
      <class name="pkg.First">
        <test-method signature="test1()[pri:0, instance:pkg.First@402e37bc]" started-at="2020-08-10T19:19:45 IST" name="test1" finished-at="2020-08-10T19:19:45 IST" duration-ms="7" status="PASS">
          <reporter-output>
          </reporter-output>
        </test-method> <!-- test1 -->
      </class> <!-- pkg.First -->
    </test> <!-- Default test -->
  </suite> <!-- Default suite -->
</testng-results>
